The delivery suite is empty
VHZURLPIYK
The delivery suite is empty
The delivery suite is empty
The delivery suite is empty
TBVFLEXSDDCQ
TBVFLEXSDDCQ
TBVFLEXSDDCQ
TBVFLEXSDDCQ
TBVFLEXSDDCQ
TBVFLEXSDDCQ
TBVFLEXSDDCQ
TBVFLEXSDDCQ
TBVFLEXSDDCQ
TBVFLEXSDDCQ
TBVFLEXSDDCQ
TBVFLEXSDDCQ
TBVFLEXSDDCQ
TBVFLEXSDDCQ
TBVFLEXSDDCQ
TBVFLEXSDDCQ
YYYKVWUD
RRSVOMQLWIVCRZ
RRSVOMQLWIVCRZ
RRSVOMQLWIVCRZ
RRSVOMQLWIVCRZ
RRSVOMQLWIVCRZ
TEJURFFRFBDUGPX
TEJURFFRFBDUGPX
TEJURFFRFBDUGPX
TEJURFFRFBDUGPX
TEJURFFRFBDUGPX
TEJURFFRFBDUGPX
TEJURFFRFBDUGPX
TEJURFFRFBDUGPX
TEJURFFRFBDUGPX
TEJURFFRFBDUGPX
TEJURFFRFBDUGPX
TEJURFFRFBDUGPX
TEJURFFRFBDUGPX
TEJURFFRFBDUGPX
TEJURFFRFBDUGPX
TEJURFFRFBDUGPX
